2024-05-25T09:53:30.944-05:00  INFO 13484 --- [restartedMain] u.edu.co.proyecto.ProyectoApplication    : Starting ProyectoApplication using Java 21.0.2 with PID 13484 (C:\Users\carlo\Documents\Backup\Migrar\U\2024-10\Sistrans\Proyecto\C10\proyecto-main\target\classes started by carlo in C:\Users\carlo\Documents\Backup\Migrar\U\2024-10\Sistrans\Proyecto\C10)
2024-05-25T09:53:30.952-05:00  INFO 13484 --- [restartedMain] u.edu.co.proyecto.ProyectoApplication    : No active profile set, falling back to 1 default profile: "default"
2024-05-25T09:53:31.008-05:00  INFO 13484 --- [restartedMain] o.s.b.devtools.restart.ChangeableUrls    : The Class-Path manifest attribute in C:\Users\carlo\.m2\repository\com\oracle\database\jdbc\ojdbc8\19.3.0.0\ojdbc8-19.3.0.0.jar referenced one or more files that do not exist: file:/C:/Users/carlo/.m2/repository/com/oracle/database/jdbc/ojdbc8/19.3.0.0/oraclepki.jar
2024-05-25T09:53:31.009-05:00  INFO 13484 --- [restartedMain] o.s.b.devtools.restart.ChangeableUrls    : The Class-Path manifest attribute in C:\Users\carlo\.m2\repository\com\oracle\database\security\oraclepki\21.9.0.0\oraclepki-21.9.0.0.jar referenced one or more files that do not exist: file:/C:/Users/carlo/.m2/repository/com/oracle/database/security/oraclepki/21.9.0.0/osdt_core.jar,file:/C:/Users/carlo/.m2/repository/com/oracle/database/security/oraclepki/21.9.0.0/osdt_cert.jar,file:/C:/Users/carlo/.m2/repository/com/oracle/database/security/oraclepki/oracle.osdt/osdt_core.jar,file:/C:/Users/carlo/.m2/repository/com/oracle/database/security/oraclepki/oracle.osdt/osdt_cert.jar
2024-05-25T09:53:31.009-05:00  INFO 13484 --- [restartedMain] .e.DevToolsPropertyDefaultsPostProcessor : Devtools property defaults active! Set 'spring.devtools.add-properties' to 'false' to disable
2024-05-25T09:53:31.009-05:00  INFO 13484 --- [restartedMain] .e.DevToolsPropertyDefaultsPostProcessor : For additional web related logging consider setting the 'logging.level.web' property to 'DEBUG'
2024-05-25T09:53:31.645-05:00  INFO 13484 --- [restartedMain] .s.d.r.c.RepositoryConfigurationDelegate : Bootstrapping Spring Data JPA repositories in DEFAULT mode.
2024-05-25T09:53:31.718-05:00  INFO 13484 --- [restartedMain] .s.d.r.c.RepositoryConfigurationDelegate : Finished Spring Data repository scanning in 64 ms. Found 9 JPA repository interfaces.
2024-05-25T09:53:32.338-05:00  INFO 13484 --- [restartedMain] o.s.b.w.embedded.tomcat.TomcatWebServer  : Tomcat initialized with port(s): 8080 (http)
2024-05-25T09:53:32.351-05:00  INFO 13484 --- [restartedMain] o.apache.catalina.core.StandardService   : Starting service [Tomcat]
2024-05-25T09:53:32.352-05:00  INFO 13484 --- [restartedMain] o.apache.catalina.core.StandardEngine    : Starting Servlet engine: [Apache Tomcat/10.1.11]
2024-05-25T09:53:32.423-05:00  INFO 13484 --- [restartedMain] o.a.c.c.C.[Tomcat].[localhost].[/banco]  : Initializing Spring embedded WebApplicationContext
2024-05-25T09:53:32.423-05:00  INFO 13484 --- [restartedMain] w.s.c.ServletWebServerApplicationContext : Root WebApplicationContext: initialization completed in 1413 ms
2024-05-25T09:53:32.717-05:00  INFO 13484 --- [restartedMain] o.hibernate.jpa.internal.util.LogHelper  : HHH000204: Processing PersistenceUnitInfo [name: default]
2024-05-25T09:53:32.798-05:00  INFO 13484 --- [restartedMain] org.hibernate.Version                    : HHH000412: Hibernate ORM core version 6.2.6.Final
2024-05-25T09:53:32.801-05:00  INFO 13484 --- [restartedMain] org.hibernate.cfg.Environment            : HHH000406: Using bytecode reflection optimizer
2024-05-25T09:53:32.945-05:00  INFO 13484 --- [restartedMain] o.h.b.i.BytecodeProviderInitiator        : HHH000021: Bytecode provider name : bytebuddy
2024-05-25T09:53:33.098-05:00  INFO 13484 --- [restartedMain] o.s.o.j.p.SpringPersistenceUnitInfo      : No LoadTimeWeaver setup: ignoring JPA class transformer
2024-05-25T09:53:33.112-05:00  INFO 13484 --- [restartedMain] com.zaxxer.hikari.HikariDataSource       : HikariPool-1 - Starting...
2024-05-25T09:53:34.171-05:00  INFO 13484 --- [restartedMain] com.zaxxer.hikari.pool.HikariPool        : HikariPool-1 - Added connection oracle.jdbc.driver.T4CConnection@20e3dea1
2024-05-25T09:53:34.174-05:00  INFO 13484 --- [restartedMain] com.zaxxer.hikari.HikariDataSource       : HikariPool-1 - Start completed.
2024-05-25T09:53:34.201-05:00  WARN 13484 --- [restartedMain] org.hibernate.orm.deprecation            : HHH90000026: Oracle12cDialect has been deprecated; use org.hibernate.dialect.OracleDialect instead
2024-05-25T09:53:34.720-05:00  INFO 13484 --- [restartedMain] o.h.b.i.BytecodeProviderInitiator        : HHH000021: Bytecode provider name : bytebuddy
2024-05-25T09:53:35.323-05:00  INFO 13484 --- [restartedMain] o.h.e.t.j.p.i.JtaPlatformInitiator       : HHH000490: Using JtaPlatform implementation: [org.hibernate.engine.transaction.jta.platform.internal.NoJtaPlatform]
2024-05-25T09:53:35.326-05:00  INFO 13484 --- [restartedMain] j.LocalContainerEntityManagerFactoryBean : Initialized JPA EntityManagerFactory for persistence unit 'default'
2024-05-25T09:53:35.570-05:00  INFO 13484 --- [restartedMain] o.s.d.j.r.query.QueryEnhancerFactory     : Hibernate is in classpath; If applicable, HQL parser will be used.
2024-05-25T09:53:35.791-05:00  WARN 13484 --- [restartedMain] JpaBaseConfiguration$JpaWebConfiguration : spring.jpa.open-in-view is enabled by default. Therefore, database queries may be performed during view rendering. Explicitly configure spring.jpa.open-in-view to disable this warning
2024-05-25T09:53:35.911-05:00  INFO 13484 --- [restartedMain] o.s.b.a.w.s.WelcomePageHandlerMapping    : Adding welcome page template: index
2024-05-25T09:53:36.079-05:00  INFO 13484 --- [restartedMain] o.s.b.d.a.OptionalLiveReloadServer       : LiveReload server is running on port 35729
2024-05-25T09:53:36.110-05:00  INFO 13484 --- [restartedMain] o.s.b.w.embedded.tomcat.TomcatWebServer  : Tomcat started on port(s): 8080 (http) with context path '/banco'
2024-05-25T09:53:36.117-05:00  INFO 13484 --- [restartedMain] u.edu.co.proyecto.ProyectoApplication    : Started ProyectoApplication in 5.631 seconds (process running for 6.413)
2024-05-25T09:53:39.370-05:00  INFO 13484 --- [http-nio-8080-exec-1] o.a.c.c.C.[Tomcat].[localhost].[/banco]  : Initializing Spring DispatcherServlet 'dispatcherServlet'
2024-05-25T09:53:39.370-05:00  INFO 13484 --- [http-nio-8080-exec-1] o.s.web.servlet.DispatcherServlet        : Initializing Servlet 'dispatcherServlet'
2024-05-25T09:53:39.372-05:00  INFO 13484 --- [http-nio-8080-exec-1] o.s.web.servlet.DispatcherServlet        : Completed initialization in 1 ms
2024-05-25T09:54:14.194-05:00  INFO 13484 --- [SpringApplicationShutdownHook] j.LocalContainerEntityManagerFactoryBean : Closing JPA EntityManagerFactory for persistence unit 'default'
2024-05-25T09:54:14.196-05:00  INFO 13484 --- [SpringApplicationShutdownHook] com.zaxxer.hikari.HikariDataSource       : HikariPool-1 - Shutdown initiated...
2024-05-25T09:54:14.912-05:00  INFO 13484 --- [SpringApplicationShutdownHook] com.zaxxer.hikari.HikariDataSource       : HikariPool-1 - Shutdown completed.
